This file contains any messages produced by compilers while
running configure, to aid debugging if configure makes a mistake.

It was created by tmux configure 1.6, which was
generated by GNU Autoconf 2.65.  Invocation command line was

  $ ./configure --prefix=/opt --no-create --no-recursion

## --------- ##
## Platform. ##
## --------- ##

hostname = eddie.local
uname -m = x86_64
uname -r = 11.4.0
uname -s = Darwin
uname -v = Darwin Kernel Version 11.4.0: Mon Apr  9 19:32:15 PDT 2012; root:xnu-1699.26.8~1/RELEASE_X86_64

/usr/bin/uname -p = i386
/bin/uname -X     = unknown

/bin/arch              = unknown
/usr/bin/arch -k       = unknown
/usr/convex/getsysinfo = unknown
/usr/bin/hostinfo      = Mach kernel version:
	 Darwin Kernel Version 11.4.0: Mon Apr  9 19:32:15 PDT 2012; root:xnu-1699.26.8~1/RELEASE_X86_64
Kernel configured for up to 2 processors.
2 processors are physically available.
2 processors are logically available.
Processor type: i486 (Intel 80486)
Processors active: 0 1
Primary memory available: 2.00 gigabytes
Default processor set: 119 tasks, 665 threads, 2 processors
Load average: 2.21, Mach factor: 0.21
/bin/machine           = unknown
/usr/bin/oslevel       = unknown
/bin/universe          = unknown

PATH: /usr/local/share/python
PATH: /usr/local/bin
PATH: /usr/local/Cellar/ruby/1.9.3-p0/bin
PATH: /opt/bin
PATH: /Developer/usr/bin
PATH: /usr/bin
PATH: /bin
PATH: /usr/sbin
PATH: /sbin
PATH: /usr/local/bin
PATH: /usr/X11/bin
PATH: /usr/texbin
PATH: /opt/local/bin
PATH: /opt/local/sbin
PATH: /opt/openmpi/bin
PATH: /share/llvm/llvm-src/tools/clang/tools/scan-build
PATH: /share/llvm/llvm-src/tools/clang/tools/scan-view


## ----------- ##
## Core tests. ##
## ----------- ##

configure:2263: checking for a BSD-compatible install
configure:2331: result: /usr/bin/install -c
configure:2342: checking whether build environment is sane
configure:2379: result: yes
configure:2506: checking for a thread-safe mkdir -p
configure:2545: result: etc/install-sh -c -d
configure:2558: checking for gawk
configure:2588: result: no
configure:2558: checking for mawk
configure:2588: result: no
configure:2558: checking for nawk
configure:2588: result: no
configure:2558: checking for awk
configure:2574: found /usr/bin/awk
configure:2585: result: awk
configure:2596: checking whether make sets $(MAKE)
configure:2618: result: yes
configure:2703: checking build system type
configure:2717: result: x86_64-apple-darwin11.4.0
configure:2737: checking host system type
configure:2750: result: x86_64-apple-darwin11.4.0
configure:2825: checking for gcc
configure:2841: found /usr/bin/gcc
configure:2852: result: gcc
configure:3081: checking for C compiler version
configure:3090: gcc --version >&5
i686-apple-darwin11-llvm-gcc-4.2 (GCC) 4.2.1 (Based on Apple Inc. build 5658) (LLVM build 2336.9.00)
Copyright (C) 2007 Free Software Foundation, Inc.
This is free software; see the source for copying conditions.  There is NO
warranty; not even for MERCHANTABILITY or FITNESS FOR A PARTICULAR PURPOSE.

configure:3101: $? = 0
configure:3090: gcc -v >&5
Using built-in specs.
Target: i686-apple-darwin11
Configured with: /private/var/tmp/llvmgcc42/llvmgcc42-2336.9~22/src/configure --disable-checking --enable-werror --prefix=/Applications/Xcode.app/Contents/Developer/usr/llvm-gcc-4.2 --mandir=/share/man --enable-languages=c,objc,c++,obj-c++ --program-prefix=llvm- --program-transform-name=/^[cg][^.-]*$/s/$/-4.2/ --with-slibdir=/usr/lib --build=i686-apple-darwin11 --enable-llvm=/private/var/tmp/llvmgcc42/llvmgcc42-2336.9~22/dst-llvmCore/Developer/usr/local --program-prefix=i686-apple-darwin11- --host=x86_64-apple-darwin11 --target=i686-apple-darwin11 --with-gxx-include-dir=/usr/include/c++/4.2.1
Thread model: posix
gcc version 4.2.1 (Based on Apple Inc. build 5658) (LLVM build 2336.9.00)
configure:3101: $? = 0
configure:3090: gcc -V >&5
llvm-gcc-4.2: argument to `-V' is missing
configure:3101: $? = 1
configure:3090: gcc -qversion >&5
i686-apple-darwin11-llvm-gcc-4.2: no input files
configure:3101: $? = 1
configure:3121: checking whether the C compiler works
configure:3143: gcc    conftest.c  >&5
configure:3147: $? = 0
configure:3196: result: yes
configure:3199: checking for C compiler default output file name
configure:3201: result: a.out
configure:3207: checking for suffix of executables
configure:3214: gcc -o conftest    conftest.c  >&5
configure:3218: $? = 0
configure:3240: result: 
configure:3262: checking whether we are cross compiling
configure:3270: gcc -o conftest    conftest.c  >&5
configure:3274: $? = 0
configure:3281: ./conftest
configure:3285: $? = 0
configure:3300: result: no
configure:3305: checking for suffix of object files
configure:3327: gcc -c   conftest.c >&5
configure:3331: $? = 0
configure:3352: result: o
configure:3356: checking whether we are using the GNU C compiler
configure:3375: gcc -c   conftest.c >&5
configure:3375: $? = 0
configure:3384: result: yes
configure:3393: checking whether gcc accepts -g
configure:3413: gcc -c -g  conftest.c >&5
configure:3413: $? = 0
configure:3454: result: yes
configure:3471: checking for gcc option to accept ISO C89
configure:3535: gcc  -c   conftest.c >&5
configure:3535: $? = 0
configure:3548: result: none needed
configure:3579: checking for style of include used by make
configure:3607: result: GNU
configure:3632: checking dependency style of gcc
configure:3742: result: gcc3
configure:3758: checking whether gcc and cc understand -c and -o together
configure:3789: gcc -c conftest.c -o conftest2.o >&5
configure:3793: $? = 0
configure:3799: gcc -c conftest.c -o conftest2.o >&5
configure:3803: $? = 0
configure:3814: cc -c conftest.c >&5
configure:3818: $? = 0
configure:3826: cc -c conftest.c -o conftest2.o >&5
configure:3830: $? = 0
configure:3836: cc -c conftest.c -o conftest2.o >&5
configure:3840: $? = 0
configure:3858: result: yes
configure:3892: checking how to run the C preprocessor
configure:3923: gcc -E  conftest.c
configure:3923: $? = 0
configure:3937: gcc -E  conftest.c
conftest.c:11:28: error: ac_nonexistent.h: No such file or directory
configure:3937: $? = 1
configure: failed program was:
| /* confdefs.h */
| #define PACKAGE_NAME "tmux"
| #define PACKAGE_TARNAME "tmux"
| #define PACKAGE_VERSION "1.6"
| #define PACKAGE_STRING "tmux 1.6"
| #define PACKAGE_BUGREPORT ""
| #define PACKAGE_URL ""
| #define PACKAGE "tmux"
| #define VERSION "1.6"
| /* end confdefs.h.  */
| #include <ac_nonexistent.h>
configure:3962: result: gcc -E
configure:3982: gcc -E  conftest.c
configure:3982: $? = 0
configure:3996: gcc -E  conftest.c
conftest.c:11:28: error: ac_nonexistent.h: No such file or directory
configure:3996: $? = 1
configure: failed program was:
| /* confdefs.h */
| #define PACKAGE_NAME "tmux"
| #define PACKAGE_TARNAME "tmux"
| #define PACKAGE_VERSION "1.6"
| #define PACKAGE_STRING "tmux 1.6"
| #define PACKAGE_BUGREPORT ""
| #define PACKAGE_URL ""
| #define PACKAGE "tmux"
| #define VERSION "1.6"
| /* end confdefs.h.  */
| #include <ac_nonexistent.h>
configure:4025: checking for grep that handles long lines and -e
configure:4083: result: /usr/bin/grep
configure:4088: checking for egrep
configure:4150: result: /usr/bin/grep -E
configure:4155: checking for ANSI C header files
configure:4175: gcc -c   conftest.c >&5
configure:4175: $? = 0
configure:4248: gcc -o conftest    conftest.c  >&5
configure:4248: $? = 0
configure:4248: ./conftest
configure:4248: $? = 0
configure:4259: result: yes
configure:4272: checking for sys/types.h
configure:4272: gcc -c   conftest.c >&5
configure:4272: $? = 0
configure:4272: result: yes
configure:4272: checking for sys/stat.h
configure:4272: gcc -c   conftest.c >&5
configure:4272: $? = 0
configure:4272: result: yes
configure:4272: checking for stdlib.h
configure:4272: gcc -c   conftest.c >&5
configure:4272: $? = 0
configure:4272: result: yes
configure:4272: checking for string.h
configure:4272: gcc -c   conftest.c >&5
configure:4272: $? = 0
configure:4272: result: yes
configure:4272: checking for memory.h
configure:4272: gcc -c   conftest.c >&5
configure:4272: $? = 0
configure:4272: result: yes
configure:4272: checking for strings.h
configure:4272: gcc -c   conftest.c >&5
configure:4272: $? = 0
configure:4272: result: yes
configure:4272: checking for inttypes.h
configure:4272: gcc -c   conftest.c >&5
configure:4272: $? = 0
configure:4272: result: yes
configure:4272: checking for stdint.h
configure:4272: gcc -c   conftest.c >&5
configure:4272: $? = 0
configure:4272: result: yes
configure:4272: checking for unistd.h
configure:4272: gcc -c   conftest.c >&5
configure:4272: $? = 0
configure:4272: result: yes
configure:4306: checking bitstring.h usability
configure:4306: gcc -c   conftest.c >&5
configure:4306: $? = 0
configure:4306: result: yes
configure:4306: checking bitstring.h presence
configure:4306: gcc -E  conftest.c
configure:4306: $? = 0
configure:4306: result: yes
configure:4306: checking for bitstring.h
configure:4306: result: yes
configure:4306: checking curses.h usability
configure:4306: gcc -c   conftest.c >&5
configure:4306: $? = 0
configure:4306: result: yes
configure:4306: checking curses.h presence
configure:4306: gcc -E  conftest.c
configure:4306: $? = 0
configure:4306: result: yes
configure:4306: checking for curses.h
configure:4306: result: yes
configure:4306: checking dirent.h usability
configure:4306: gcc -c   conftest.c >&5
configure:4306: $? = 0
configure:4306: result: yes
configure:4306: checking dirent.h presence
configure:4306: gcc -E  conftest.c
configure:4306: $? = 0
configure:4306: result: yes
configure:4306: checking for dirent.h
configure:4306: result: yes
configure:4306: checking fcntl.h usability
configure:4306: gcc -c   conftest.c >&5
configure:4306: $? = 0
configure:4306: result: yes
configure:4306: checking fcntl.h presence
configure:4306: gcc -E  conftest.c
configure:4306: $? = 0
configure:4306: result: yes
configure:4306: checking for fcntl.h
configure:4306: result: yes
configure:4306: checking for inttypes.h
configure:4306: result: yes
configure:4306: checking libutil.h usability
configure:4306: gcc -c   conftest.c >&5
conftest.c:59:21: error: libutil.h: No such file or directory
configure:4306: $? = 1
configure: failed program was:
| /* confdefs.h */
| #define PACKAGE_NAME "tmux"
| #define PACKAGE_TARNAME "tmux"
| #define PACKAGE_VERSION "1.6"
| #define PACKAGE_STRING "tmux 1.6"
| #define PACKAGE_BUGREPORT ""
| #define PACKAGE_URL ""
| #define PACKAGE "tmux"
| #define VERSION "1.6"
| #define STDC_HEADERS 1
| #define HAVE_SYS_TYPES_H 1
| #define HAVE_SYS_STAT_H 1
| #define HAVE_STDLIB_H 1
| #define HAVE_STRING_H 1
| #define HAVE_MEMORY_H 1
| #define HAVE_STRINGS_H 1
| #define HAVE_INTTYPES_H 1
| #define HAVE_STDINT_H 1
| #define HAVE_UNISTD_H 1
| #define HAVE_BITSTRING_H 1
| #define HAVE_CURSES_H 1
| #define HAVE_DIRENT_H 1
| #define HAVE_FCNTL_H 1
| #define HAVE_INTTYPES_H 1
| /* end confdefs.h.  */
| #include <stdio.h>
| #ifdef HAVE_SYS_TYPES_H
| # include <sys/types.h>
| #endif
| #ifdef HAVE_SYS_STAT_H
| # include <sys/stat.h>
| #endif
| #ifdef STDC_HEADERS
| # include <stdlib.h>
| # include <stddef.h>
| #else
| # ifdef HAVE_STDLIB_H
| #  include <stdlib.h>
| # endif
| #endif
| #ifdef HAVE_STRING_H
| # if !defined STDC_HEADERS && defined HAVE_MEMORY_H
| #  include <memory.h>
| # endif
| # include <string.h>
| #endif
| #ifdef HAVE_STRINGS_H
| # include <strings.h>
| #endif
| #ifdef HAVE_INTTYPES_H
| # include <inttypes.h>
| #endif
| #ifdef HAVE_STDINT_H
| # include <stdint.h>
| #endif
| #ifdef HAVE_UNISTD_H
| # include <unistd.h>
| #endif
| #include <libutil.h>
configure:4306: result: no
configure:4306: checking libutil.h presence
configure:4306: gcc -E  conftest.c
conftest.c:26:21: error: libutil.h: No such file or directory
configure:4306: $? = 1
configure: failed program was:
| /* confdefs.h */
| #define PACKAGE_NAME "tmux"
| #define PACKAGE_TARNAME "tmux"
| #define PACKAGE_VERSION "1.6"
| #define PACKAGE_STRING "tmux 1.6"
| #define PACKAGE_BUGREPORT ""
| #define PACKAGE_URL ""
| #define PACKAGE "tmux"
| #define VERSION "1.6"
| #define STDC_HEADERS 1
| #define HAVE_SYS_TYPES_H 1
| #define HAVE_SYS_STAT_H 1
| #define HAVE_STDLIB_H 1
| #define HAVE_STRING_H 1
| #define HAVE_MEMORY_H 1
| #define HAVE_STRINGS_H 1
| #define HAVE_INTTYPES_H 1
| #define HAVE_STDINT_H 1
| #define HAVE_UNISTD_H 1
| #define HAVE_BITSTRING_H 1
| #define HAVE_CURSES_H 1
| #define HAVE_DIRENT_H 1
| #define HAVE_FCNTL_H 1
| #define HAVE_INTTYPES_H 1
| /* end confdefs.h.  */
| #include <libutil.h>
configure:4306: result: no
configure:4306: checking for libutil.h
configure:4306: result: no
configure:4306: checking ncurses.h usability
configure:4306: gcc -c   conftest.c >&5
configure:4306: $? = 0
configure:4306: result: yes
configure:4306: checking ncurses.h presence
configure:4306: gcc -E  conftest.c
configure:4306: $? = 0
configure:4306: result: yes
configure:4306: checking for ncurses.h
configure:4306: result: yes
configure:4306: checking ndir.h usability
configure:4306: gcc -c   conftest.c >&5
conftest.c:60:18: error: ndir.h: No such file or directory
configure:4306: $? = 1
configure: failed program was:
| /* confdefs.h */
| #define PACKAGE_NAME "tmux"
| #define PACKAGE_TARNAME "tmux"
| #define PACKAGE_VERSION "1.6"
| #define PACKAGE_STRING "tmux 1.6"
| #define PACKAGE_BUGREPORT ""
| #define PACKAGE_URL ""
| #define PACKAGE "tmux"
| #define VERSION "1.6"
| #define STDC_HEADERS 1
| #define HAVE_SYS_TYPES_H 1
| #define HAVE_SYS_STAT_H 1
| #define HAVE_STDLIB_H 1
| #define HAVE_STRING_H 1
| #define HAVE_MEMORY_H 1
| #define HAVE_STRINGS_H 1
| #define HAVE_INTTYPES_H 1
| #define HAVE_STDINT_H 1
| #define HAVE_UNISTD_H 1
| #define HAVE_BITSTRING_H 1
| #define HAVE_CURSES_H 1
| #define HAVE_DIRENT_H 1
| #define HAVE_FCNTL_H 1
| #define HAVE_INTTYPES_H 1
| #define HAVE_NCURSES_H 1
| /* end confdefs.h.  */
| #include <stdio.h>
| #ifdef HAVE_SYS_TYPES_H
| # include <sys/types.h>
| #endif
| #ifdef HAVE_SYS_STAT_H
| # include <sys/stat.h>
| #endif
| #ifdef STDC_HEADERS
| # include <stdlib.h>
| # include <stddef.h>
| #else
| # ifdef HAVE_STDLIB_H
| #  include <stdlib.h>
| # endif
| #endif
| #ifdef HAVE_STRING_H
| # if !defined STDC_HEADERS && defined HAVE_MEMORY_H
| #  include <memory.h>
| # endif
| # include <string.h>
| #endif
| #ifdef HAVE_STRINGS_H
| # include <strings.h>
| #endif
| #ifdef HAVE_INTTYPES_H
| # include <inttypes.h>
| #endif
| #ifdef HAVE_STDINT_H
| # include <stdint.h>
| #endif
| #ifdef HAVE_UNISTD_H
| # include <unistd.h>
| #endif
| #include <ndir.h>
configure:4306: result: no
configure:4306: checking ndir.h presence
configure:4306: gcc -E  conftest.c
conftest.c:27:18: error: ndir.h: No such file or directory
configure:4306: $? = 1
configure: failed program was:
| /* confdefs.h */
| #define PACKAGE_NAME "tmux"
| #define PACKAGE_TARNAME "tmux"
| #define PACKAGE_VERSION "1.6"
| #define PACKAGE_STRING "tmux 1.6"
| #define PACKAGE_BUGREPORT ""
| #define PACKAGE_URL ""
| #define PACKAGE "tmux"
| #define VERSION "1.6"
| #define STDC_HEADERS 1
| #define HAVE_SYS_TYPES_H 1
| #define HAVE_SYS_STAT_H 1
| #define HAVE_STDLIB_H 1
| #define HAVE_STRING_H 1
| #define HAVE_MEMORY_H 1
| #define HAVE_STRINGS_H 1
| #define HAVE_INTTYPES_H 1
| #define HAVE_STDINT_H 1
| #define HAVE_UNISTD_H 1
| #define HAVE_BITSTRING_H 1
| #define HAVE_CURSES_H 1
| #define HAVE_DIRENT_H 1
| #define HAVE_FCNTL_H 1
| #define HAVE_INTTYPES_H 1
| #define HAVE_NCURSES_H 1
| /* end confdefs.h.  */
| #include <ndir.h>
configure:4306: result: no
configure:4306: checking for ndir.h
configure:4306: result: no
configure:4306: checking paths.h usability
configure:4306: gcc -c   conftest.c >&5
configure:4306: $? = 0
configure:4306: result: yes
configure:4306: checking paths.h presence
configure:4306: gcc -E  conftest.c
configure:4306: $? = 0
configure:4306: result: yes
configure:4306: checking for paths.h
configure:4306: result: yes
configure:4306: checking pty.h usability
configure:4306: gcc -c   conftest.c >&5
conftest.c:61:17: error: pty.h: No such file or directory
configure:4306: $? = 1
configure: failed program was:
| /* confdefs.h */
| #define PACKAGE_NAME "tmux"
| #define PACKAGE_TARNAME "tmux"
| #define PACKAGE_VERSION "1.6"
| #define PACKAGE_STRING "tmux 1.6"
| #define PACKAGE_BUGREPORT ""
| #define PACKAGE_URL ""
| #define PACKAGE "tmux"
| #define VERSION "1.6"
| #define STDC_HEADERS 1
| #define HAVE_SYS_TYPES_H 1
| #define HAVE_SYS_STAT_H 1
| #define HAVE_STDLIB_H 1
| #define HAVE_STRING_H 1
| #define HAVE_MEMORY_H 1
| #define HAVE_STRINGS_H 1
| #define HAVE_INTTYPES_H 1
| #define HAVE_STDINT_H 1
| #define HAVE_UNISTD_H 1
| #define HAVE_BITSTRING_H 1
| #define HAVE_CURSES_H 1
| #define HAVE_DIRENT_H 1
| #define HAVE_FCNTL_H 1
| #define HAVE_INTTYPES_H 1
| #define HAVE_NCURSES_H 1
| #define HAVE_PATHS_H 1
| /* end confdefs.h.  */
| #include <stdio.h>
| #ifdef HAVE_SYS_TYPES_H
| # include <sys/types.h>
| #endif
| #ifdef HAVE_SYS_STAT_H
| # include <sys/stat.h>
| #endif
| #ifdef STDC_HEADERS
| # include <stdlib.h>
| # include <stddef.h>
| #else
| # ifdef HAVE_STDLIB_H
| #  include <stdlib.h>
| # endif
| #endif
| #ifdef HAVE_STRING_H
| # if !defined STDC_HEADERS && defined HAVE_MEMORY_H
| #  include <memory.h>
| # endif
| # include <string.h>
| #endif
| #ifdef HAVE_STRINGS_H
| # include <strings.h>
| #endif
| #ifdef HAVE_INTTYPES_H
| # include <inttypes.h>
| #endif
| #ifdef HAVE_STDINT_H
| # include <stdint.h>
| #endif
| #ifdef HAVE_UNISTD_H
| # include <unistd.h>
| #endif
| #include <pty.h>
configure:4306: result: no
configure:4306: checking pty.h presence
configure:4306: gcc -E  conftest.c
conftest.c:28:17: error: pty.h: No such file or directory
configure:4306: $? = 1
configure: failed program was:
| /* confdefs.h */
| #define PACKAGE_NAME "tmux"
| #define PACKAGE_TARNAME "tmux"
| #define PACKAGE_VERSION "1.6"
| #define PACKAGE_STRING "tmux 1.6"
| #define PACKAGE_BUGREPORT ""
| #define PACKAGE_URL ""
| #define PACKAGE "tmux"
| #define VERSION "1.6"
| #define STDC_HEADERS 1
| #define HAVE_SYS_TYPES_H 1
| #define HAVE_SYS_STAT_H 1
| #define HAVE_STDLIB_H 1
| #define HAVE_STRING_H 1
| #define HAVE_MEMORY_H 1
| #define HAVE_STRINGS_H 1
| #define HAVE_INTTYPES_H 1
| #define HAVE_STDINT_H 1
| #define HAVE_UNISTD_H 1
| #define HAVE_BITSTRING_H 1
| #define HAVE_CURSES_H 1
| #define HAVE_DIRENT_H 1
| #define HAVE_FCNTL_H 1
| #define HAVE_INTTYPES_H 1
| #define HAVE_NCURSES_H 1
| #define HAVE_PATHS_H 1
| /* end confdefs.h.  */
| #include <pty.h>
configure:4306: result: no
configure:4306: checking for pty.h
configure:4306: result: no
configure:4306: checking for stdint.h
configure:4306: result: yes
configure:4306: checking sys/dir.h usability
configure:4306: gcc -c   conftest.c >&5
configure:4306: $? = 0
configure:4306: result: yes
configure:4306: checking sys/dir.h presence
configure:4306: gcc -E  conftest.c
configure:4306: $? = 0
configure:4306: result: yes
configure:4306: checking for sys/dir.h
configure:4306: result: yes
configure:4306: checking sys/ndir.h usability
configure:4306: gcc -c   conftest.c >&5
conftest.c:63:22: error: sys/ndir.h: No such file or directory
configure:4306: $? = 1
configure: failed program was:
| /* confdefs.h */
| #define PACKAGE_NAME "tmux"
| #define PACKAGE_TARNAME "tmux"
| #define PACKAGE_VERSION "1.6"
| #define PACKAGE_STRING "tmux 1.6"
| #define PACKAGE_BUGREPORT ""
| #define PACKAGE_URL ""
| #define PACKAGE "tmux"
| #define VERSION "1.6"
| #define STDC_HEADERS 1
| #define HAVE_SYS_TYPES_H 1
| #define HAVE_SYS_STAT_H 1
| #define HAVE_STDLIB_H 1
| #define HAVE_STRING_H 1
| #define HAVE_MEMORY_H 1
| #define HAVE_STRINGS_H 1
| #define HAVE_INTTYPES_H 1
| #define HAVE_STDINT_H 1
| #define HAVE_UNISTD_H 1
| #define HAVE_BITSTRING_H 1
| #define HAVE_CURSES_H 1
| #define HAVE_DIRENT_H 1
| #define HAVE_FCNTL_H 1
| #define HAVE_INTTYPES_H 1
| #define HAVE_NCURSES_H 1
| #define HAVE_PATHS_H 1
| #define HAVE_STDINT_H 1
| #define HAVE_SYS_DIR_H 1
| /* end confdefs.h.  */
| #include <stdio.h>
| #ifdef HAVE_SYS_TYPES_H
| # include <sys/types.h>
| #endif
| #ifdef HAVE_SYS_STAT_H
| # include <sys/stat.h>
| #endif
| #ifdef STDC_HEADERS
| # include <stdlib.h>
| # include <stddef.h>
| #else
| # ifdef HAVE_STDLIB_H
| #  include <stdlib.h>
| # endif
| #endif
| #ifdef HAVE_STRING_H
| # if !defined STDC_HEADERS && defined HAVE_MEMORY_H
| #  include <memory.h>
| # endif
| # include <string.h>
| #endif
| #ifdef HAVE_STRINGS_H
| # include <strings.h>
| #endif
| #ifdef HAVE_INTTYPES_H
| # include <inttypes.h>
| #endif
| #ifdef HAVE_STDINT_H
| # include <stdint.h>
| #endif
| #ifdef HAVE_UNISTD_H
| # include <unistd.h>
| #endif
| #include <sys/ndir.h>
configure:4306: result: no
configure:4306: checking sys/ndir.h presence
configure:4306: gcc -E  conftest.c
conftest.c:30:22: error: sys/ndir.h: No such file or directory
configure:4306: $? = 1
configure: failed program was:
| /* confdefs.h */
| #define PACKAGE_NAME "tmux"
| #define PACKAGE_TARNAME "tmux"
| #define PACKAGE_VERSION "1.6"
| #define PACKAGE_STRING "tmux 1.6"
| #define PACKAGE_BUGREPORT ""
| #define PACKAGE_URL ""
| #define PACKAGE "tmux"
| #define VERSION "1.6"
| #define STDC_HEADERS 1
| #define HAVE_SYS_TYPES_H 1
| #define HAVE_SYS_STAT_H 1
| #define HAVE_STDLIB_H 1
| #define HAVE_STRING_H 1
| #define HAVE_MEMORY_H 1
| #define HAVE_STRINGS_H 1
| #define HAVE_INTTYPES_H 1
| #define HAVE_STDINT_H 1
| #define HAVE_UNISTD_H 1
| #define HAVE_BITSTRING_H 1
| #define HAVE_CURSES_H 1
| #define HAVE_DIRENT_H 1
| #define HAVE_FCNTL_H 1
| #define HAVE_INTTYPES_H 1
| #define HAVE_NCURSES_H 1
| #define HAVE_PATHS_H 1
| #define HAVE_STDINT_H 1
| #define HAVE_SYS_DIR_H 1
| /* end confdefs.h.  */
| #include <sys/ndir.h>
configure:4306: result: no
configure:4306: checking for sys/ndir.h
configure:4306: result: no
configure:4306: checking sys/tree.h usability
configure:4306: gcc -c   conftest.c >&5
conftest.c:63:22: error: sys/tree.h: No such file or directory
configure:4306: $? = 1
configure: failed program was:
| /* confdefs.h */
| #define PACKAGE_NAME "tmux"
| #define PACKAGE_TARNAME "tmux"
| #define PACKAGE_VERSION "1.6"
| #define PACKAGE_STRING "tmux 1.6"
| #define PACKAGE_BUGREPORT ""
| #define PACKAGE_URL ""
| #define PACKAGE "tmux"
| #define VERSION "1.6"
| #define STDC_HEADERS 1
| #define HAVE_SYS_TYPES_H 1
| #define HAVE_SYS_STAT_H 1
| #define HAVE_STDLIB_H 1
| #define HAVE_STRING_H 1
| #define HAVE_MEMORY_H 1
| #define HAVE_STRINGS_H 1
| #define HAVE_INTTYPES_H 1
| #define HAVE_STDINT_H 1
| #define HAVE_UNISTD_H 1
| #define HAVE_BITSTRING_H 1
| #define HAVE_CURSES_H 1
| #define HAVE_DIRENT_H 1
| #define HAVE_FCNTL_H 1
| #define HAVE_INTTYPES_H 1
| #define HAVE_NCURSES_H 1
| #define HAVE_PATHS_H 1
| #define HAVE_STDINT_H 1
| #define HAVE_SYS_DIR_H 1
| /* end confdefs.h.  */
| #include <stdio.h>
| #ifdef HAVE_SYS_TYPES_H
| # include <sys/types.h>
| #endif
| #ifdef HAVE_SYS_STAT_H
| # include <sys/stat.h>
| #endif
| #ifdef STDC_HEADERS
| # include <stdlib.h>
| # include <stddef.h>
| #else
| # ifdef HAVE_STDLIB_H
| #  include <stdlib.h>
| # endif
| #endif
| #ifdef HAVE_STRING_H
| # if !defined STDC_HEADERS && defined HAVE_MEMORY_H
| #  include <memory.h>
| # endif
| # include <string.h>
| #endif
| #ifdef HAVE_STRINGS_H
| # include <strings.h>
| #endif
| #ifdef HAVE_INTTYPES_H
| # include <inttypes.h>
| #endif
| #ifdef HAVE_STDINT_H
| # include <stdint.h>
| #endif
| #ifdef HAVE_UNISTD_H
| # include <unistd.h>
| #endif
| #include <sys/tree.h>
configure:4306: result: no
configure:4306: checking sys/tree.h presence
configure:4306: gcc -E  conftest.c
conftest.c:30:22: error: sys/tree.h: No such file or directory
configure:4306: $? = 1
configure: failed program was:
| /* confdefs.h */
| #define PACKAGE_NAME "tmux"
| #define PACKAGE_TARNAME "tmux"
| #define PACKAGE_VERSION "1.6"
| #define PACKAGE_STRING "tmux 1.6"
| #define PACKAGE_BUGREPORT ""
| #define PACKAGE_URL ""
| #define PACKAGE "tmux"
| #define VERSION "1.6"
| #define STDC_HEADERS 1
| #define HAVE_SYS_TYPES_H 1
| #define HAVE_SYS_STAT_H 1
| #define HAVE_STDLIB_H 1
| #define HAVE_STRING_H 1
| #define HAVE_MEMORY_H 1
| #define HAVE_STRINGS_H 1
| #define HAVE_INTTYPES_H 1
| #define HAVE_STDINT_H 1
| #define HAVE_UNISTD_H 1
| #define HAVE_BITSTRING_H 1
| #define HAVE_CURSES_H 1
| #define HAVE_DIRENT_H 1
| #define HAVE_FCNTL_H 1
| #define HAVE_INTTYPES_H 1
| #define HAVE_NCURSES_H 1
| #define HAVE_PATHS_H 1
| #define HAVE_STDINT_H 1
| #define HAVE_SYS_DIR_H 1
| /* end confdefs.h.  */
| #include <sys/tree.h>
configure:4306: result: no
configure:4306: checking for sys/tree.h
configure:4306: result: no
configure:4306: checking term.h usability
configure:4306: gcc -c   conftest.c >&5
configure:4306: $? = 0
configure:4306: result: yes
configure:4306: checking term.h presence
configure:4306: gcc -E  conftest.c
configure:4306: $? = 0
configure:4306: result: yes
configure:4306: checking for term.h
configure:4306: result: yes
configure:4306: checking util.h usability
configure:4306: gcc -c   conftest.c >&5
configure:4306: $? = 0
configure:4306: result: yes
configure:4306: checking util.h presence
configure:4306: gcc -E  conftest.c
configure:4306: $? = 0
configure:4306: result: yes
configure:4306: checking for util.h
configure:4306: result: yes
configure:4352: checking for gcc that whines about -I
configure:4379: result: yes
configure:4410: checking for glibc
conftest.c:33:24: error: features.h: No such file or directory
configure:4438: result: no
configure:4442: checking for library containing clock_gettime
configure:4473: gcc -o conftest    conftest.c  >&5
Undefined symbols for architecture x86_64:
  "_clock_gettime", referenced from:
      _main in ccTHOWwk.o
ld: symbol(s) not found for architecture x86_64
collect2: ld returned 1 exit status
configure:4473: $? = 1
configure: failed program was:
| /* confdefs.h */
| #define PACKAGE_NAME "tmux"
| #define PACKAGE_TARNAME "tmux"
| #define PACKAGE_VERSION "1.6"
| #define PACKAGE_STRING "tmux 1.6"
| #define PACKAGE_BUGREPORT ""
| #define PACKAGE_URL ""
| #define PACKAGE "tmux"
| #define VERSION "1.6"
| #define STDC_HEADERS 1
| #define HAVE_SYS_TYPES_H 1
| #define HAVE_SYS_STAT_H 1
| #define HAVE_STDLIB_H 1
| #define HAVE_STRING_H 1
| #define HAVE_MEMORY_H 1
| #define HAVE_STRINGS_H 1
| #define HAVE_INTTYPES_H 1
| #define HAVE_STDINT_H 1
| #define HAVE_UNISTD_H 1
| #define HAVE_BITSTRING_H 1
| #define HAVE_CURSES_H 1
| #define HAVE_DIRENT_H 1
| #define HAVE_FCNTL_H 1
| #define HAVE_INTTYPES_H 1
| #define HAVE_NCURSES_H 1
| #define HAVE_PATHS_H 1
| #define HAVE_STDINT_H 1
| #define HAVE_SYS_DIR_H 1
| #define HAVE_TERM_H 1
| #define HAVE_UTIL_H 1
| /* end confdefs.h.  */
| 
| /* Override any GCC internal prototype to avoid an error.
|    Use char because int might match the return type of a GCC
|    builtin and then its argument prototype would still apply.  */
| #ifdef __cplusplus
| extern "C"
| #endif
| char clock_gettime ();
| int
| main ()
| {
| return clock_gettime ();
|   ;
|   return 0;
| }
configure:4473: gcc -o conftest    conftest.c -lrt   >&5
ld: library not found for -lrt
collect2: ld returned 1 exit status
configure:4473: $? = 1
configure: failed program was:
| /* confdefs.h */
| #define PACKAGE_NAME "tmux"
| #define PACKAGE_TARNAME "tmux"
| #define PACKAGE_VERSION "1.6"
| #define PACKAGE_STRING "tmux 1.6"
| #define PACKAGE_BUGREPORT ""
| #define PACKAGE_URL ""
| #define PACKAGE "tmux"
| #define VERSION "1.6"
| #define STDC_HEADERS 1
| #define HAVE_SYS_TYPES_H 1
| #define HAVE_SYS_STAT_H 1
| #define HAVE_STDLIB_H 1
| #define HAVE_STRING_H 1
| #define HAVE_MEMORY_H 1
| #define HAVE_STRINGS_H 1
| #define HAVE_INTTYPES_H 1
| #define HAVE_STDINT_H 1
| #define HAVE_UNISTD_H 1
| #define HAVE_BITSTRING_H 1
| #define HAVE_CURSES_H 1
| #define HAVE_DIRENT_H 1
| #define HAVE_FCNTL_H 1
| #define HAVE_INTTYPES_H 1
| #define HAVE_NCURSES_H 1
| #define HAVE_PATHS_H 1
| #define HAVE_STDINT_H 1
| #define HAVE_SYS_DIR_H 1
| #define HAVE_TERM_H 1
| #define HAVE_UTIL_H 1
| /* end confdefs.h.  */
| 
| /* Override any GCC internal prototype to avoid an error.
|    Use char because int might match the return type of a GCC
|    builtin and then its argument prototype would still apply.  */
| #ifdef __cplusplus
| extern "C"
| #endif
| char clock_gettime ();
| int
| main ()
| {
| return clock_gettime ();
|   ;
|   return 0;
| }
configure:4490: result: no
configure:4549: checking for pkg-config
configure:4567: found /usr/local/bin/pkg-config
configure:4579: result: /usr/local/bin/pkg-config
configure:4604: checking pkg-config is at least version 0.9.0
configure:4607: result: yes
configure:4618: checking for LIBEVENT
configure:4626: $PKG_CONFIG --exists --print-errors "libevent"
configure:4629: $? = 0
configure:4644: $PKG_CONFIG --exists --print-errors "libevent"
configure:4647: $? = 0
configure:4805: result: yes
configure:4818: checking for library containing setupterm
configure:4849: gcc -o conftest  -I/usr/local/Cellar/libevent/2.0.16/include     conftest.c -L/usr/local/Cellar/libevent/2.0.16/lib -levent    >&5
Undefined symbols for architecture x86_64:
  "_setupterm", referenced from:
      _main in ccfkfoXa.o
ld: symbol(s) not found for architecture x86_64
collect2: ld returned 1 exit status
configure:4849: $? = 1
configure: failed program was:
| /* confdefs.h */
| #define PACKAGE_NAME "tmux"
| #define PACKAGE_TARNAME "tmux"
| #define PACKAGE_VERSION "1.6"
| #define PACKAGE_STRING "tmux 1.6"
| #define PACKAGE_BUGREPORT ""
| #define PACKAGE_URL ""
| #define PACKAGE "tmux"
| #define VERSION "1.6"
| #define STDC_HEADERS 1
| #define HAVE_SYS_TYPES_H 1
| #define HAVE_SYS_STAT_H 1
| #define HAVE_STDLIB_H 1
| #define HAVE_STRING_H 1
| #define HAVE_MEMORY_H 1
| #define HAVE_STRINGS_H 1
| #define HAVE_INTTYPES_H 1
| #define HAVE_STDINT_H 1
| #define HAVE_UNISTD_H 1
| #define HAVE_BITSTRING_H 1
| #define HAVE_CURSES_H 1
| #define HAVE_DIRENT_H 1
| #define HAVE_FCNTL_H 1
| #define HAVE_INTTYPES_H 1
| #define HAVE_NCURSES_H 1
| #define HAVE_PATHS_H 1
| #define HAVE_STDINT_H 1
| #define HAVE_SYS_DIR_H 1
| #define HAVE_TERM_H 1
| #define HAVE_UTIL_H 1
| /* end confdefs.h.  */
| 
| /* Override any GCC internal prototype to avoid an error.
|    Use char because int might match the return type of a GCC
|    builtin and then its argument prototype would still apply.  */
| #ifdef __cplusplus
| extern "C"
| #endif
| char setupterm ();
| int
| main ()
| {
| return setupterm ();
|   ;
|   return 0;
| }
configure:4849: gcc -o conftest  -I/usr/local/Cellar/libevent/2.0.16/include     conftest.c -lterminfo  -L/usr/local/Cellar/libevent/2.0.16/lib -levent    >&5
ld: library not found for -lterminfo
collect2: ld returned 1 exit status
configure:4849: $? = 1
configure: failed program was:
| /* confdefs.h */
| #define PACKAGE_NAME "tmux"
| #define PACKAGE_TARNAME "tmux"
| #define PACKAGE_VERSION "1.6"
| #define PACKAGE_STRING "tmux 1.6"
| #define PACKAGE_BUGREPORT ""
| #define PACKAGE_URL ""
| #define PACKAGE "tmux"
| #define VERSION "1.6"
| #define STDC_HEADERS 1
| #define HAVE_SYS_TYPES_H 1
| #define HAVE_SYS_STAT_H 1
| #define HAVE_STDLIB_H 1
| #define HAVE_STRING_H 1
| #define HAVE_MEMORY_H 1
| #define HAVE_STRINGS_H 1
| #define HAVE_INTTYPES_H 1
| #define HAVE_STDINT_H 1
| #define HAVE_UNISTD_H 1
| #define HAVE_BITSTRING_H 1
| #define HAVE_CURSES_H 1
| #define HAVE_DIRENT_H 1
| #define HAVE_FCNTL_H 1
| #define HAVE_INTTYPES_H 1
| #define HAVE_NCURSES_H 1
| #define HAVE_PATHS_H 1
| #define HAVE_STDINT_H 1
| #define HAVE_SYS_DIR_H 1
| #define HAVE_TERM_H 1
| #define HAVE_UTIL_H 1
| /* end confdefs.h.  */
| 
| /* Override any GCC internal prototype to avoid an error.
|    Use char because int might match the return type of a GCC
|    builtin and then its argument prototype would still apply.  */
| #ifdef __cplusplus
| extern "C"
| #endif
| char setupterm ();
| int
| main ()
| {
| return setupterm ();
|   ;
|   return 0;
| }
configure:4849: gcc -o conftest  -I/usr/local/Cellar/libevent/2.0.16/include     conftest.c -lcurses  -L/usr/local/Cellar/libevent/2.0.16/lib -levent    >&5
configure:4849: $? = 0
configure:4866: result: -lcurses
configure:4882: checking for b64_ntop
configure:4899: gcc -o conftest  -I/usr/local/Cellar/libevent/2.0.16/include     conftest.c -lcurses -L/usr/local/Cellar/libevent/2.0.16/lib -levent    >&5
Undefined symbols for architecture x86_64:
  "_res_9_b64_ntop", referenced from:
      _main in ccPsbPUC.o
ld: symbol(s) not found for architecture x86_64
collect2: ld returned 1 exit status
configure:4899: $? = 1
configure: failed program was:
| /* confdefs.h */
| #define PACKAGE_NAME "tmux"
| #define PACKAGE_TARNAME "tmux"
| #define PACKAGE_VERSION "1.6"
| #define PACKAGE_STRING "tmux 1.6"
| #define PACKAGE_BUGREPORT ""
| #define PACKAGE_URL ""
| #define PACKAGE "tmux"
| #define VERSION "1.6"
| #define STDC_HEADERS 1
| #define HAVE_SYS_TYPES_H 1
| #define HAVE_SYS_STAT_H 1
| #define HAVE_STDLIB_H 1
| #define HAVE_STRING_H 1
| #define HAVE_MEMORY_H 1
| #define HAVE_STRINGS_H 1
| #define HAVE_INTTYPES_H 1
| #define HAVE_STDINT_H 1
| #define HAVE_UNISTD_H 1
| #define HAVE_BITSTRING_H 1
| #define HAVE_CURSES_H 1
| #define HAVE_DIRENT_H 1
| #define HAVE_FCNTL_H 1
| #define HAVE_INTTYPES_H 1
| #define HAVE_NCURSES_H 1
| #define HAVE_PATHS_H 1
| #define HAVE_STDINT_H 1
| #define HAVE_SYS_DIR_H 1
| #define HAVE_TERM_H 1
| #define HAVE_UTIL_H 1
| /* end confdefs.h.  */
| 
| 		#include <sys/types.h>
| 		#include <netinet/in.h>
| 		#include <resolv.h>
| 
| int
| main ()
| {
| b64_ntop(NULL, 0, NULL, 0);
|   ;
|   return 0;
| }
configure:4908: result: no
configure:4911: checking for b64_ntop with -lresolv
configure:4929: gcc -o conftest  -I/usr/local/Cellar/libevent/2.0.16/include     conftest.c -lcurses -L/usr/local/Cellar/libevent/2.0.16/lib -levent    -lresolv >&5
configure:4929: $? = 0
configure:4945: result: yes
configure:4958: checking for library containing inet_ntoa
configure:4989: gcc -o conftest  -I/usr/local/Cellar/libevent/2.0.16/include     conftest.c -lcurses -L/usr/local/Cellar/libevent/2.0.16/lib -levent    -lresolv >&5
configure:4989: $? = 0
configure:5006: result: none required
configure:5014: checking for library containing socket
configure:5045: gcc -o conftest  -I/usr/local/Cellar/libevent/2.0.16/include     conftest.c -lcurses -L/usr/local/Cellar/libevent/2.0.16/lib -levent    -lresolv >&5
configure:5045: $? = 0
configure:5062: result: none required
configure:5070: checking for socket in -lxnet
configure:5095: gcc -o conftest  -I/usr/local/Cellar/libevent/2.0.16/include     conftest.c -lxnet  -lcurses -L/usr/local/Cellar/libevent/2.0.16/lib -levent    -lresolv >&5
ld: library not found for -lxnet
collect2: ld returned 1 exit status
configure:5095: $? = 1
configure: failed program was:
| /* confdefs.h */
| #define PACKAGE_NAME "tmux"
| #define PACKAGE_TARNAME "tmux"
| #define PACKAGE_VERSION "1.6"
| #define PACKAGE_STRING "tmux 1.6"
| #define PACKAGE_BUGREPORT ""
| #define PACKAGE_URL ""
| #define PACKAGE "tmux"
| #define VERSION "1.6"
| #define STDC_HEADERS 1
| #define HAVE_SYS_TYPES_H 1
| #define HAVE_SYS_STAT_H 1
| #define HAVE_STDLIB_H 1
| #define HAVE_STRING_H 1
| #define HAVE_MEMORY_H 1
| #define HAVE_STRINGS_H 1
| #define HAVE_INTTYPES_H 1
| #define HAVE_STDINT_H 1
| #define HAVE_UNISTD_H 1
| #define HAVE_BITSTRING_H 1
| #define HAVE_CURSES_H 1
| #define HAVE_DIRENT_H 1
| #define HAVE_FCNTL_H 1
| #define HAVE_INTTYPES_H 1
| #define HAVE_NCURSES_H 1
| #define HAVE_PATHS_H 1
| #define HAVE_STDINT_H 1
| #define HAVE_SYS_DIR_H 1
| #define HAVE_TERM_H 1
| #define HAVE_UTIL_H 1
| #define HAVE_B64_NTOP 1
| /* end confdefs.h.  */
| 
| /* Override any GCC internal prototype to avoid an error.
|    Use char because int might match the return type of a GCC
|    builtin and then its argument prototype would still apply.  */
| #ifdef __cplusplus
| extern "C"
| #endif
| char socket ();
| int
| main ()
| {
| return socket ();
|   ;
|   return 0;
| }
configure:5104: result: no
configure:5119: checking for CMSG_DATA
configure:5139: result: yes
configure:5175: checking for library containing imsg_init
configure:5206: gcc -o conftest  -I/usr/local/Cellar/libevent/2.0.16/include     conftest.c -lcurses -L/usr/local/Cellar/libevent/2.0.16/lib -levent    -lresolv >&5
Undefined symbols for architecture x86_64:
  "_imsg_init", referenced from:
      _main in ccyWIM6l.o
ld: symbol(s) not found for architecture x86_64
collect2: ld returned 1 exit status
configure:5206: $? = 1
configure: failed program was:
| /* confdefs.h */
| #define PACKAGE_NAME "tmux"
| #define PACKAGE_TARNAME "tmux"
| #define PACKAGE_VERSION "1.6"
| #define PACKAGE_STRING "tmux 1.6"
| #define PACKAGE_BUGREPORT ""
| #define PACKAGE_URL ""
| #define PACKAGE "tmux"
| #define VERSION "1.6"
| #define STDC_HEADERS 1
| #define HAVE_SYS_TYPES_H 1
| #define HAVE_SYS_STAT_H 1
| #define HAVE_STDLIB_H 1
| #define HAVE_STRING_H 1
| #define HAVE_MEMORY_H 1
| #define HAVE_STRINGS_H 1
| #define HAVE_INTTYPES_H 1
| #define HAVE_STDINT_H 1
| #define HAVE_UNISTD_H 1
| #define HAVE_BITSTRING_H 1
| #define HAVE_CURSES_H 1
| #define HAVE_DIRENT_H 1
| #define HAVE_FCNTL_H 1
| #define HAVE_INTTYPES_H 1
| #define HAVE_NCURSES_H 1
| #define HAVE_PATHS_H 1
| #define HAVE_STDINT_H 1
| #define HAVE_SYS_DIR_H 1
| #define HAVE_TERM_H 1
| #define HAVE_UTIL_H 1
| #define HAVE_B64_NTOP 1
| /* end confdefs.h.  */
| 
| /* Override any GCC internal prototype to avoid an error.
|    Use char because int might match the return type of a GCC
|    builtin and then its argument prototype would still apply.  */
| #ifdef __cplusplus
| extern "C"
| #endif
| char imsg_init ();
| int
| main ()
| {
| return imsg_init ();
|   ;
|   return 0;
| }
configure:5206: gcc -o conftest  -I/usr/local/Cellar/libevent/2.0.16/include     conftest.c -lutil  -lcurses -L/usr/local/Cellar/libevent/2.0.16/lib -levent    -lresolv >&5
Undefined symbols for architecture x86_64:
  "_imsg_init", referenced from:
      _main in cczvGZDW.o
ld: symbol(s) not found for architecture x86_64
collect2: ld returned 1 exit status
configure:5206: $? = 1
configure: failed program was:
| /* confdefs.h */
| #define PACKAGE_NAME "tmux"
| #define PACKAGE_TARNAME "tmux"
| #define PACKAGE_VERSION "1.6"
| #define PACKAGE_STRING "tmux 1.6"
| #define PACKAGE_BUGREPORT ""
| #define PACKAGE_URL ""
| #define PACKAGE "tmux"
| #define VERSION "1.6"
| #define STDC_HEADERS 1
| #define HAVE_SYS_TYPES_H 1
| #define HAVE_SYS_STAT_H 1
| #define HAVE_STDLIB_H 1
| #define HAVE_STRING_H 1
| #define HAVE_MEMORY_H 1
| #define HAVE_STRINGS_H 1
| #define HAVE_INTTYPES_H 1
| #define HAVE_STDINT_H 1
| #define HAVE_UNISTD_H 1
| #define HAVE_BITSTRING_H 1
| #define HAVE_CURSES_H 1
| #define HAVE_DIRENT_H 1
| #define HAVE_FCNTL_H 1
| #define HAVE_INTTYPES_H 1
| #define HAVE_NCURSES_H 1
| #define HAVE_PATHS_H 1
| #define HAVE_STDINT_H 1
| #define HAVE_SYS_DIR_H 1
| #define HAVE_TERM_H 1
| #define HAVE_UTIL_H 1
| #define HAVE_B64_NTOP 1
| /* end confdefs.h.  */
| 
| /* Override any GCC internal prototype to avoid an error.
|    Use char because int might match the return type of a GCC
|    builtin and then its argument prototype would still apply.  */
| #ifdef __cplusplus
| extern "C"
| #endif
| char imsg_init ();
| int
| main ()
| {
| return imsg_init ();
|   ;
|   return 0;
| }
configure:5223: result: no
configure:5247: checking for library containing forkpty
configure:5278: gcc -o conftest  -I/usr/local/Cellar/libevent/2.0.16/include     conftest.c -lcurses -L/usr/local/Cellar/libevent/2.0.16/lib -levent    -lresolv >&5
configure:5278: $? = 0
configure:5295: result: none required
configure:5319: checking for closefrom
configure:5319: gcc -o conftest  -I/usr/local/Cellar/libevent/2.0.16/include     conftest.c -lcurses -L/usr/local/Cellar/libevent/2.0.16/lib -levent    -lresolv >&5
Undefined symbols for architecture x86_64:
  "_closefrom", referenced from:
      _main in cccLmOB3.o
ld: symbol(s) not found for architecture x86_64
collect2: ld returned 1 exit status
configure:5319: $? = 1
configure: failed program was:
| /* confdefs.h */
| #define PACKAGE_NAME "tmux"
| #define PACKAGE_TARNAME "tmux"
| #define PACKAGE_VERSION "1.6"
| #define PACKAGE_STRING "tmux 1.6"
| #define PACKAGE_BUGREPORT ""
| #define PACKAGE_URL ""
| #define PACKAGE "tmux"
| #define VERSION "1.6"
| #define STDC_HEADERS 1
| #define HAVE_SYS_TYPES_H 1
| #define HAVE_SYS_STAT_H 1
| #define HAVE_STDLIB_H 1
| #define HAVE_STRING_H 1
| #define HAVE_MEMORY_H 1
| #define HAVE_STRINGS_H 1
| #define HAVE_INTTYPES_H 1
| #define HAVE_STDINT_H 1
| #define HAVE_UNISTD_H 1
| #define HAVE_BITSTRING_H 1
| #define HAVE_CURSES_H 1
| #define HAVE_DIRENT_H 1
| #define HAVE_FCNTL_H 1
| #define HAVE_INTTYPES_H 1
| #define HAVE_NCURSES_H 1
| #define HAVE_PATHS_H 1
| #define HAVE_STDINT_H 1
| #define HAVE_SYS_DIR_H 1
| #define HAVE_TERM_H 1
| #define HAVE_UTIL_H 1
| #define HAVE_B64_NTOP 1
| #define HAVE_FORKPTY 1
| /* end confdefs.h.  */
| /* Define closefrom to an innocuous variant, in case <limits.h> declares closefrom.
|    For example, HP-UX 11i <limits.h> declares gettimeofday.  */
| #define closefrom innocuous_closefrom
| 
| /* System header to define __stub macros and hopefully few prototypes,
|     which can conflict with char closefrom (); below.
|     Prefer <limits.h> to <assert.h> if __STDC__ is defined, since
|     <limits.h> exists even on freestanding compilers.  */
| 
| #ifdef __STDC__
| # include <limits.h>
| #else
| # include <assert.h>
| #endif
| 
| #undef closefrom
| 
| /* Override any GCC internal prototype to avoid an error.
|    Use char because int might match the return type of a GCC
|    builtin and then its argument prototype would still apply.  */
| #ifdef __cplusplus
| extern "C"
| #endif
| char closefrom ();
| /* The GNU C library defines this for functions which it implements
|     to always fail with ENOSYS.  Some functions are actually named
|     something starting with __ and the normal name is an alias.  */
| #if defined __stub_closefrom || defined __stub___closefrom
| choke me
| #endif
| 
| int
| main ()
| {
| return closefrom ();
|   ;
|   return 0;
| }
configure:5319: result: no
configure:5340: checking for daemon
configure:5340: gcc -o conftest  -I/usr/local/Cellar/libevent/2.0.16/include     conftest.c -lcurses -L/usr/local/Cellar/libevent/2.0.16/lib -levent    -lresolv >&5
configure:5340: $? = 0
configure:5340: result: yes
configure:5361: checking for setenv
configure:5361: gcc -o conftest  -I/usr/local/Cellar/libevent/2.0.16/include     conftest.c -lcurses -L/usr/local/Cellar/libevent/2.0.16/lib -levent    -lresolv >&5
configure:5361: $? = 0
configure:5361: result: yes
configure:5382: checking for strlcpy
configure:5382: gcc -o conftest  -I/usr/local/Cellar/libevent/2.0.16/include     conftest.c -lcurses -L/usr/local/Cellar/libevent/2.0.16/lib -levent    -lresolv >&5
configure:5382: $? = 0
configure:5382: result: yes
configure:5403: checking for strlcat
configure:5403: gcc -o conftest  -I/usr/local/Cellar/libevent/2.0.16/include     conftest.c -lcurses -L/usr/local/Cellar/libevent/2.0.16/lib -levent    -lresolv >&5
configure:5403: $? = 0
configure:5403: result: yes
configure:5424: checking for asprintf
configure:5424: gcc -o conftest  -I/usr/local/Cellar/libevent/2.0.16/include     conftest.c -lcurses -L/usr/local/Cellar/libevent/2.0.16/lib -levent    -lresolv >&5
configure:5424: $? = 0
configure:5424: result: yes
configure:5445: checking for fgetln
configure:5445: gcc -o conftest  -I/usr/local/Cellar/libevent/2.0.16/include     conftest.c -lcurses -L/usr/local/Cellar/libevent/2.0.16/lib -levent    -lresolv >&5
configure:5445: $? = 0
configure:5445: result: yes
configure:5466: checking for strcasestr
configure:5466: gcc -o conftest  -I/usr/local/Cellar/libevent/2.0.16/include     conftest.c -lcurses -L/usr/local/Cellar/libevent/2.0.16/lib -levent    -lresolv >&5
configure:5466: $? = 0
configure:5466: result: yes
configure:5487: checking for strsep
configure:5487: gcc -o conftest  -I/usr/local/Cellar/libevent/2.0.16/include     conftest.c -lcurses -L/usr/local/Cellar/libevent/2.0.16/lib -levent    -lresolv >&5
configure:5487: $? = 0
configure:5487: result: yes
configure:5508: checking for strtonum
configure:5508: gcc -o conftest  -I/usr/local/Cellar/libevent/2.0.16/include     conftest.c -lcurses -L/usr/local/Cellar/libevent/2.0.16/lib -levent    -lresolv >&5
Undefined symbols for architecture x86_64:
  "_strtonum", referenced from:
      _main in ccZY0t0q.o
ld: symbol(s) not found for architecture x86_64
collect2: ld returned 1 exit status
configure:5508: $? = 1
configure: failed program was:
| /* confdefs.h */
| #define PACKAGE_NAME "tmux"
| #define PACKAGE_TARNAME "tmux"
| #define PACKAGE_VERSION "1.6"
| #define PACKAGE_STRING "tmux 1.6"
| #define PACKAGE_BUGREPORT ""
| #define PACKAGE_URL ""
| #define PACKAGE "tmux"
| #define VERSION "1.6"
| #define STDC_HEADERS 1
| #define HAVE_SYS_TYPES_H 1
| #define HAVE_SYS_STAT_H 1
| #define HAVE_STDLIB_H 1
| #define HAVE_STRING_H 1
| #define HAVE_MEMORY_H 1
| #define HAVE_STRINGS_H 1
| #define HAVE_INTTYPES_H 1
| #define HAVE_STDINT_H 1
| #define HAVE_UNISTD_H 1
| #define HAVE_BITSTRING_H 1
| #define HAVE_CURSES_H 1
| #define HAVE_DIRENT_H 1
| #define HAVE_FCNTL_H 1
| #define HAVE_INTTYPES_H 1
| #define HAVE_NCURSES_H 1
| #define HAVE_PATHS_H 1
| #define HAVE_STDINT_H 1
| #define HAVE_SYS_DIR_H 1
| #define HAVE_TERM_H 1
| #define HAVE_UTIL_H 1
| #define HAVE_B64_NTOP 1
| #define HAVE_FORKPTY 1
| #define HAVE_DAEMON 1
| #define HAVE_SETENV 1
| #define HAVE_STRLCPY 1
| #define HAVE_STRLCAT 1
| #define HAVE_ASPRINTF 1
| #define HAVE_FGETLN 1
| #define HAVE_STRCASESTR 1
| #define HAVE_STRSEP 1
| /* end confdefs.h.  */
| /* Define strtonum to an innocuous variant, in case <limits.h> declares strtonum.
|    For example, HP-UX 11i <limits.h> declares gettimeofday.  */
| #define strtonum innocuous_strtonum
| 
| /* System header to define __stub macros and hopefully few prototypes,
|     which can conflict with char strtonum (); below.
|     Prefer <limits.h> to <assert.h> if __STDC__ is defined, since
|     <limits.h> exists even on freestanding compilers.  */
| 
| #ifdef __STDC__
| # include <limits.h>
| #else
| # include <assert.h>
| #endif
| 
| #undef strtonum
| 
| /* Override any GCC internal prototype to avoid an error.
|    Use char because int might match the return type of a GCC
|    builtin and then its argument prototype would still apply.  */
| #ifdef __cplusplus
| extern "C"
| #endif
| char strtonum ();
| /* The GNU C library defines this for functions which it implements
|     to always fail with ENOSYS.  Some functions are actually named
|     something starting with __ and the normal name is an alias.  */
| #if defined __stub_strtonum || defined __stub___strtonum
| choke me
| #endif
| 
| int
| main ()
| {
| return strtonum ();
|   ;
|   return 0;
| }
configure:5508: result: no
configure:5529: checking for strnvis
configure:5529: gcc -o conftest  -I/usr/local/Cellar/libevent/2.0.16/include     conftest.c -lcurses -L/usr/local/Cellar/libevent/2.0.16/lib -levent    -lresolv >&5
Undefined symbols for architecture x86_64:
  "_strnvis", referenced from:
      _main in cccMMoff.o
ld: symbol(s) not found for architecture x86_64
collect2: ld returned 1 exit status
configure:5529: $? = 1
configure: failed program was:
| /* confdefs.h */
| #define PACKAGE_NAME "tmux"
| #define PACKAGE_TARNAME "tmux"
| #define PACKAGE_VERSION "1.6"
| #define PACKAGE_STRING "tmux 1.6"
| #define PACKAGE_BUGREPORT ""
| #define PACKAGE_URL ""
| #define PACKAGE "tmux"
| #define VERSION "1.6"
| #define STDC_HEADERS 1
| #define HAVE_SYS_TYPES_H 1
| #define HAVE_SYS_STAT_H 1
| #define HAVE_STDLIB_H 1
| #define HAVE_STRING_H 1
| #define HAVE_MEMORY_H 1
| #define HAVE_STRINGS_H 1
| #define HAVE_INTTYPES_H 1
| #define HAVE_STDINT_H 1
| #define HAVE_UNISTD_H 1
| #define HAVE_BITSTRING_H 1
| #define HAVE_CURSES_H 1
| #define HAVE_DIRENT_H 1
| #define HAVE_FCNTL_H 1
| #define HAVE_INTTYPES_H 1
| #define HAVE_NCURSES_H 1
| #define HAVE_PATHS_H 1
| #define HAVE_STDINT_H 1
| #define HAVE_SYS_DIR_H 1
| #define HAVE_TERM_H 1
| #define HAVE_UTIL_H 1
| #define HAVE_B64_NTOP 1
| #define HAVE_FORKPTY 1
| #define HAVE_DAEMON 1
| #define HAVE_SETENV 1
| #define HAVE_STRLCPY 1
| #define HAVE_STRLCAT 1
| #define HAVE_ASPRINTF 1
| #define HAVE_FGETLN 1
| #define HAVE_STRCASESTR 1
| #define HAVE_STRSEP 1
| /* end confdefs.h.  */
| /* Define strnvis to an innocuous variant, in case <limits.h> declares strnvis.
|    For example, HP-UX 11i <limits.h> declares gettimeofday.  */
| #define strnvis innocuous_strnvis
| 
| /* System header to define __stub macros and hopefully few prototypes,
|     which can conflict with char strnvis (); below.
|     Prefer <limits.h> to <assert.h> if __STDC__ is defined, since
|     <limits.h> exists even on freestanding compilers.  */
| 
| #ifdef __STDC__
| # include <limits.h>
| #else
| # include <assert.h>
| #endif
| 
| #undef strnvis
| 
| /* Override any GCC internal prototype to avoid an error.
|    Use char because int might match the return type of a GCC
|    builtin and then its argument prototype would still apply.  */
| #ifdef __cplusplus
| extern "C"
| #endif
| char strnvis ();
| /* The GNU C library defines this for functions which it implements
|     to always fail with ENOSYS.  Some functions are actually named
|     something starting with __ and the normal name is an alias.  */
| #if defined __stub_strnvis || defined __stub___strnvis
| choke me
| #endif
| 
| int
| main ()
| {
| return strnvis ();
|   ;
|   return 0;
| }
configure:5529: result: no
configure:5551: checking for getopt
configure:5551: gcc -o conftest  -I/usr/local/Cellar/libevent/2.0.16/include     conftest.c -lcurses -L/usr/local/Cellar/libevent/2.0.16/lib -levent    -lresolv >&5
configure:5551: $? = 0
configure:5551: result: yes
configure:5559: checking whether optarg is declared
configure:5559: gcc -c  -I/usr/local/Cellar/libevent/2.0.16/include    conftest.c >&5
configure:5559: $? = 0
configure:5559: result: yes
configure:5578: checking whether optind is declared
configure:5578: gcc -c  -I/usr/local/Cellar/libevent/2.0.16/include    conftest.c >&5
configure:5578: $? = 0
configure:5578: result: yes
configure:5597: checking whether optreset is declared
configure:5597: gcc -c  -I/usr/local/Cellar/libevent/2.0.16/include    conftest.c >&5
configure:5597: $? = 0
configure:5597: result: yes
configure:5618: checking if system getopt should be avoided
configure:5625: result: no
configure:5651: checking for bzero
configure:5651: gcc -o conftest  -I/usr/local/Cellar/libevent/2.0.16/include     conftest.c -lcurses -L/usr/local/Cellar/libevent/2.0.16/lib -levent    -lresolv >&5
conftest.c:69: warning: conflicting types for built-in function 'bzero'
configure:5651: $? = 0
configure:5651: result: yes
configure:5651: checking for dirfd
configure:5651: gcc -o conftest  -I/usr/local/Cellar/libevent/2.0.16/include     conftest.c -lcurses -L/usr/local/Cellar/libevent/2.0.16/lib -levent    -lresolv >&5
Undefined symbols for architecture x86_64:
  "_dirfd", referenced from:
      _main in ccckIegW.o
ld: symbol(s) not found for architecture x86_64
collect2: ld returned 1 exit status
configure:5651: $? = 1
configure: failed program was:
| /* confdefs.h */
| #define PACKAGE_NAME "tmux"
| #define PACKAGE_TARNAME "tmux"
| #define PACKAGE_VERSION "1.6"
| #define PACKAGE_STRING "tmux 1.6"
| #define PACKAGE_BUGREPORT ""
| #define PACKAGE_URL ""
| #define PACKAGE "tmux"
| #define VERSION "1.6"
| #define STDC_HEADERS 1
| #define HAVE_SYS_TYPES_H 1
| #define HAVE_SYS_STAT_H 1
| #define HAVE_STDLIB_H 1
| #define HAVE_STRING_H 1
| #define HAVE_MEMORY_H 1
| #define HAVE_STRINGS_H 1
| #define HAVE_INTTYPES_H 1
| #define HAVE_STDINT_H 1
| #define HAVE_UNISTD_H 1
| #define HAVE_BITSTRING_H 1
| #define HAVE_CURSES_H 1
| #define HAVE_DIRENT_H 1
| #define HAVE_FCNTL_H 1
| #define HAVE_INTTYPES_H 1
| #define HAVE_NCURSES_H 1
| #define HAVE_PATHS_H 1
| #define HAVE_STDINT_H 1
| #define HAVE_SYS_DIR_H 1
| #define HAVE_TERM_H 1
| #define HAVE_UTIL_H 1
| #define HAVE_B64_NTOP 1
| #define HAVE_FORKPTY 1
| #define HAVE_DAEMON 1
| #define HAVE_SETENV 1
| #define HAVE_STRLCPY 1
| #define HAVE_STRLCAT 1
| #define HAVE_ASPRINTF 1
| #define HAVE_FGETLN 1
| #define HAVE_STRCASESTR 1
| #define HAVE_STRSEP 1
| #define HAVE_DECL_OPTARG 1
| #define HAVE_DECL_OPTIND 1
| #define HAVE_DECL_OPTRESET 1
| #define HAVE_GETOPT 1
| #define HAVE_BZERO 1
| /* end confdefs.h.  */
| /* Define dirfd to an innocuous variant, in case <limits.h> declares dirfd.
|    For example, HP-UX 11i <limits.h> declares gettimeofday.  */
| #define dirfd innocuous_dirfd
| 
| /* System header to define __stub macros and hopefully few prototypes,
|     which can conflict with char dirfd (); below.
|     Prefer <limits.h> to <assert.h> if __STDC__ is defined, since
|     <limits.h> exists even on freestanding compilers.  */
| 
| #ifdef __STDC__
| # include <limits.h>
| #else
| # include <assert.h>
| #endif
| 
| #undef dirfd
| 
| /* Override any GCC internal prototype to avoid an error.
|    Use char because int might match the return type of a GCC
|    builtin and then its argument prototype would still apply.  */
| #ifdef __cplusplus
| extern "C"
| #endif
| char dirfd ();
| /* The GNU C library defines this for functions which it implements
|     to always fail with ENOSYS.  Some functions are actually named
|     something starting with __ and the normal name is an alias.  */
| #if defined __stub_dirfd || defined __stub___dirfd
| choke me
| #endif
| 
| int
| main ()
| {
| return dirfd ();
|   ;
|   return 0;
| }
configure:5651: result: no
configure:5651: checking for setproctitle
configure:5651: gcc -o conftest  -I/usr/local/Cellar/libevent/2.0.16/include     conftest.c -lcurses -L/usr/local/Cellar/libevent/2.0.16/lib -levent    -lresolv >&5
Undefined symbols for architecture x86_64:
  "_setproctitle", referenced from:
      _main in cchFjmzP.o
ld: symbol(s) not found for architecture x86_64
collect2: ld returned 1 exit status
configure:5651: $? = 1
configure: failed program was:
| /* confdefs.h */
| #define PACKAGE_NAME "tmux"
| #define PACKAGE_TARNAME "tmux"
| #define PACKAGE_VERSION "1.6"
| #define PACKAGE_STRING "tmux 1.6"
| #define PACKAGE_BUGREPORT ""
| #define PACKAGE_URL ""
| #define PACKAGE "tmux"
| #define VERSION "1.6"
| #define STDC_HEADERS 1
| #define HAVE_SYS_TYPES_H 1
| #define HAVE_SYS_STAT_H 1
| #define HAVE_STDLIB_H 1
| #define HAVE_STRING_H 1
| #define HAVE_MEMORY_H 1
| #define HAVE_STRINGS_H 1
| #define HAVE_INTTYPES_H 1
| #define HAVE_STDINT_H 1
| #define HAVE_UNISTD_H 1
| #define HAVE_BITSTRING_H 1
| #define HAVE_CURSES_H 1
| #define HAVE_DIRENT_H 1
| #define HAVE_FCNTL_H 1
| #define HAVE_INTTYPES_H 1
| #define HAVE_NCURSES_H 1
| #define HAVE_PATHS_H 1
| #define HAVE_STDINT_H 1
| #define HAVE_SYS_DIR_H 1
| #define HAVE_TERM_H 1
| #define HAVE_UTIL_H 1
| #define HAVE_B64_NTOP 1
| #define HAVE_FORKPTY 1
| #define HAVE_DAEMON 1
| #define HAVE_SETENV 1
| #define HAVE_STRLCPY 1
| #define HAVE_STRLCAT 1
| #define HAVE_ASPRINTF 1
| #define HAVE_FGETLN 1
| #define HAVE_STRCASESTR 1
| #define HAVE_STRSEP 1
| #define HAVE_DECL_OPTARG 1
| #define HAVE_DECL_OPTIND 1
| #define HAVE_DECL_OPTRESET 1
| #define HAVE_GETOPT 1
| #define HAVE_BZERO 1
| /* end confdefs.h.  */
| /* Define setproctitle to an innocuous variant, in case <limits.h> declares setproctitle.
|    For example, HP-UX 11i <limits.h> declares gettimeofday.  */
| #define setproctitle innocuous_setproctitle
| 
| /* System header to define __stub macros and hopefully few prototypes,
|     which can conflict with char setproctitle (); below.
|     Prefer <limits.h> to <assert.h> if __STDC__ is defined, since
|     <limits.h> exists even on freestanding compilers.  */
| 
| #ifdef __STDC__
| # include <limits.h>
| #else
| # include <assert.h>
| #endif
| 
| #undef setproctitle
| 
| /* Override any GCC internal prototype to avoid an error.
|    Use char because int might match the return type of a GCC
|    builtin and then its argument prototype would still apply.  */
| #ifdef __cplusplus
| extern "C"
| #endif
| char setproctitle ();
| /* The GNU C library defines this for functions which it implements
|     to always fail with ENOSYS.  Some functions are actually named
|     something starting with __ and the normal name is an alias.  */
| #if defined __stub_setproctitle || defined __stub___setproctitle
| choke me
| #endif
| 
| int
| main ()
| {
| return setproctitle ();
|   ;
|   return 0;
| }
configure:5651: result: no
configure:5651: checking for sysconf
configure:5651: gcc -o conftest  -I/usr/local/Cellar/libevent/2.0.16/include     conftest.c -lcurses -L/usr/local/Cellar/libevent/2.0.16/lib -levent    -lresolv >&5
configure:5651: $? = 0
configure:5651: result: yes
configure:5663: checking for BSD-style unsigned types
configure:5678: gcc -c  -I/usr/local/Cellar/libevent/2.0.16/include    conftest.c >&5
configure:5678: $? = 0
configure:5680: result: yes
configure:5690: checking whether TAILQ_PREV is declared
configure:5690: gcc -c  -I/usr/local/Cellar/libevent/2.0.16/include    conftest.c >&5
configure:5690: $? = 0
configure:5690: result: yes
configure:5699: checking whether TAILQ_REPLACE is declared
configure:5699: gcc -c  -I/usr/local/Cellar/libevent/2.0.16/include    conftest.c >&5
conftest.c: In function 'main':
conftest.c:56: error: 'TAILQ_REPLACE' undeclared (first use in this function)
conftest.c:56: error: (Each undeclared identifier is reported only once
conftest.c:56: error: for each function it appears in.)
configure:5699: $? = 1
configure: failed program was:
| /* confdefs.h */
| #define PACKAGE_NAME "tmux"
| #define PACKAGE_TARNAME "tmux"
| #define PACKAGE_VERSION "1.6"
| #define PACKAGE_STRING "tmux 1.6"
| #define PACKAGE_BUGREPORT ""
| #define PACKAGE_URL ""
| #define PACKAGE "tmux"
| #define VERSION "1.6"
| #define STDC_HEADERS 1
| #define HAVE_SYS_TYPES_H 1
| #define HAVE_SYS_STAT_H 1
| #define HAVE_STDLIB_H 1
| #define HAVE_STRING_H 1
| #define HAVE_MEMORY_H 1
| #define HAVE_STRINGS_H 1
| #define HAVE_INTTYPES_H 1
| #define HAVE_STDINT_H 1
| #define HAVE_UNISTD_H 1
| #define HAVE_BITSTRING_H 1
| #define HAVE_CURSES_H 1
| #define HAVE_DIRENT_H 1
| #define HAVE_FCNTL_H 1
| #define HAVE_INTTYPES_H 1
| #define HAVE_NCURSES_H 1
| #define HAVE_PATHS_H 1
| #define HAVE_STDINT_H 1
| #define HAVE_SYS_DIR_H 1
| #define HAVE_TERM_H 1
| #define HAVE_UTIL_H 1
| #define HAVE_B64_NTOP 1
| #define HAVE_FORKPTY 1
| #define HAVE_DAEMON 1
| #define HAVE_SETENV 1
| #define HAVE_STRLCPY 1
| #define HAVE_STRLCAT 1
| #define HAVE_ASPRINTF 1
| #define HAVE_FGETLN 1
| #define HAVE_STRCASESTR 1
| #define HAVE_STRSEP 1
| #define HAVE_DECL_OPTARG 1
| #define HAVE_DECL_OPTIND 1
| #define HAVE_DECL_OPTRESET 1
| #define HAVE_GETOPT 1
| #define HAVE_BZERO 1
| #define HAVE_SYSCONF 1
| #define HAVE_BSD_TYPES 1
| /* end confdefs.h.  */
| #include <sys/queue.h>
| 
| 
| int
| main ()
| {
| #ifndef TAILQ_REPLACE
|   (void) TAILQ_REPLACE;
| #endif
| 
|   ;
|   return 0;
| }
configure:5699: result: no
configure:5714: checking for __progname
configure:5729: gcc -o conftest  -I/usr/local/Cellar/libevent/2.0.16/include     conftest.c -lcurses -L/usr/local/Cellar/libevent/2.0.16/lib -levent    -lresolv >&5
configure:5729: $? = 0
configure:5731: result: yes
configure:5742: checking whether F_CLOSEM is declared
configure:5742: gcc -c  -I/usr/local/Cellar/libevent/2.0.16/include    conftest.c >&5
conftest.c: In function 'main':
conftest.c:57: error: 'F_CLOSEM' undeclared (first use in this function)
conftest.c:57: error: (Each undeclared identifier is reported only once
conftest.c:57: error: for each function it appears in.)
configure:5742: $? = 1
configure: failed program was:
| /* confdefs.h */
| #define PACKAGE_NAME "tmux"
| #define PACKAGE_TARNAME "tmux"
| #define PACKAGE_VERSION "1.6"
| #define PACKAGE_STRING "tmux 1.6"
| #define PACKAGE_BUGREPORT ""
| #define PACKAGE_URL ""
| #define PACKAGE "tmux"
| #define VERSION "1.6"
| #define STDC_HEADERS 1
| #define HAVE_SYS_TYPES_H 1
| #define HAVE_SYS_STAT_H 1
| #define HAVE_STDLIB_H 1
| #define HAVE_STRING_H 1
| #define HAVE_MEMORY_H 1
| #define HAVE_STRINGS_H 1
| #define HAVE_INTTYPES_H 1
| #define HAVE_STDINT_H 1
| #define HAVE_UNISTD_H 1
| #define HAVE_BITSTRING_H 1
| #define HAVE_CURSES_H 1
| #define HAVE_DIRENT_H 1
| #define HAVE_FCNTL_H 1
| #define HAVE_INTTYPES_H 1
| #define HAVE_NCURSES_H 1
| #define HAVE_PATHS_H 1
| #define HAVE_STDINT_H 1
| #define HAVE_SYS_DIR_H 1
| #define HAVE_TERM_H 1
| #define HAVE_UTIL_H 1
| #define HAVE_B64_NTOP 1
| #define HAVE_FORKPTY 1
| #define HAVE_DAEMON 1
| #define HAVE_SETENV 1
| #define HAVE_STRLCPY 1
| #define HAVE_STRLCAT 1
| #define HAVE_ASPRINTF 1
| #define HAVE_FGETLN 1
| #define HAVE_STRCASESTR 1
| #define HAVE_STRSEP 1
| #define HAVE_DECL_OPTARG 1
| #define HAVE_DECL_OPTIND 1
| #define HAVE_DECL_OPTRESET 1
| #define HAVE_GETOPT 1
| #define HAVE_BZERO 1
| #define HAVE_SYSCONF 1
| #define HAVE_BSD_TYPES 1
| #define HAVE___PROGNAME 1
| /* end confdefs.h.  */
| #include <fcntl.h>
| 
| 
| int
| main ()
| {
| #ifndef F_CLOSEM
|   (void) F_CLOSEM;
| #endif
| 
|   ;
|   return 0;
| }
configure:5742: result: no
configure:5752: checking for /proc/$$
configure:5760: result: no
configure:5765: checking platform
configure:5774: result: darwin
configure:6177: creating ./config.status

## ---------------- ##
## Cache variables. ##
## ---------------- ##

ac_cv_build=x86_64-apple-darwin11.4.0
ac_cv_c_compiler_gnu=yes
ac_cv_env_CC_set=
ac_cv_env_CC_value=
ac_cv_env_CFLAGS_set=
ac_cv_env_CFLAGS_value=
ac_cv_env_CPPFLAGS_set=
ac_cv_env_CPPFLAGS_value=
ac_cv_env_CPP_set=
ac_cv_env_CPP_value=
ac_cv_env_LDFLAGS_set=
ac_cv_env_LDFLAGS_value=
ac_cv_env_LIBEVENT_CFLAGS_set=
ac_cv_env_LIBEVENT_CFLAGS_value=
ac_cv_env_LIBEVENT_LIBS_set=
ac_cv_env_LIBEVENT_LIBS_value=
ac_cv_env_LIBS_set=
ac_cv_env_LIBS_value=
ac_cv_env_PKG_CONFIG_set=
ac_cv_env_PKG_CONFIG_value=
ac_cv_env_build_alias_set=
ac_cv_env_build_alias_value=
ac_cv_env_host_alias_set=
ac_cv_env_host_alias_value=
ac_cv_env_target_alias_set=
ac_cv_env_target_alias_value=
ac_cv_func_asprintf=yes
ac_cv_func_bzero=yes
ac_cv_func_closefrom=no
ac_cv_func_daemon=yes
ac_cv_func_dirfd=no
ac_cv_func_fgetln=yes
ac_cv_func_getopt=yes
ac_cv_func_setenv=yes
ac_cv_func_setproctitle=no
ac_cv_func_strcasestr=yes
ac_cv_func_strlcat=yes
ac_cv_func_strlcpy=yes
ac_cv_func_strnvis=no
ac_cv_func_strsep=yes
ac_cv_func_strtonum=no
ac_cv_func_sysconf=yes
ac_cv_have_decl_F_CLOSEM=no
ac_cv_have_decl_TAILQ_PREV=yes
ac_cv_have_decl_TAILQ_REPLACE=no
ac_cv_have_decl_optarg=yes
ac_cv_have_decl_optind=yes
ac_cv_have_decl_optreset=yes
ac_cv_header_bitstring_h=yes
ac_cv_header_curses_h=yes
ac_cv_header_dirent_h=yes
ac_cv_header_fcntl_h=yes
ac_cv_header_inttypes_h=yes
ac_cv_header_libutil_h=no
ac_cv_header_memory_h=yes
ac_cv_header_ncurses_h=yes
ac_cv_header_ndir_h=no
ac_cv_header_paths_h=yes
ac_cv_header_pty_h=no
ac_cv_header_stdc=yes
ac_cv_header_stdint_h=yes
ac_cv_header_stdlib_h=yes
ac_cv_header_string_h=yes
ac_cv_header_strings_h=yes
ac_cv_header_sys_dir_h=yes
ac_cv_header_sys_ndir_h=no
ac_cv_header_sys_stat_h=yes
ac_cv_header_sys_tree_h=no
ac_cv_header_sys_types_h=yes
ac_cv_header_term_h=yes
ac_cv_header_unistd_h=yes
ac_cv_header_util_h=yes
ac_cv_host=x86_64-apple-darwin11.4.0
ac_cv_lib_xnet_socket=no
ac_cv_objext=o
ac_cv_path_EGREP='/usr/bin/grep -E'
ac_cv_path_GREP=/usr/bin/grep
ac_cv_path_ac_pt_PKG_CONFIG=/usr/local/bin/pkg-config
ac_cv_path_install='/usr/bin/install -c'
ac_cv_prog_AWK=awk
ac_cv_prog_CPP='gcc -E'
ac_cv_prog_ac_ct_CC=gcc
ac_cv_prog_cc_c89=
ac_cv_prog_cc_g=yes
ac_cv_prog_cc_gcc_c_o=yes
ac_cv_prog_make_make_set=yes
ac_cv_search_clock_gettime=no
ac_cv_search_forkpty='none required'
ac_cv_search_imsg_init=no
ac_cv_search_inet_ntoa='none required'
ac_cv_search_setupterm=-lcurses
ac_cv_search_socket='none required'
am_cv_CC_dependencies_compiler_type=gcc3
pkg_cv_LIBEVENT_CFLAGS='-I/usr/local/Cellar/libevent/2.0.16/include  '
pkg_cv_LIBEVENT_LIBS='-L/usr/local/Cellar/libevent/2.0.16/lib -levent  '

## ----------------- ##
## Output variables. ##
## ----------------- ##

ACLOCAL='${SHELL} /share/dev/ide/tmux/etc/missing --run aclocal-1.10'
AMDEPBACKSLASH='\'
AMDEP_FALSE='#'
AMDEP_TRUE=''
AMTAR='${SHELL} /share/dev/ide/tmux/etc/missing --run tar'
AUTOCONF='${SHELL} /share/dev/ide/tmux/etc/missing --run autoconf'
AUTOHEADER='${SHELL} /share/dev/ide/tmux/etc/missing --run autoheader'
AUTOMAKE='${SHELL} /share/dev/ide/tmux/etc/missing --run automake-1.10'
AWK='awk'
CC='gcc'
CCDEPMODE='depmode=gcc3'
CFLAGS=''
CPP='gcc -E'
CPPFLAGS='-I/usr/local/Cellar/libevent/2.0.16/include   '
CYGPATH_W='echo'
DEFS='-DPACKAGE_NAME=\"tmux\" -DPACKAGE_TARNAME=\"tmux\" -DPACKAGE_VERSION=\"1.6\" -DPACKAGE_STRING=\"tmux\ 1.6\" -DPACKAGE_BUGREPORT=\"\" -DPACKAGE_URL=\"\" -DPACKAGE=\"tmux\" -DVERSION=\"1.6\" -DSTDC_HEADERS=1 -DHAVE_SYS_TYPES_H=1 -DHAVE_SYS_STAT_H=1 -DHAVE_STDLIB_H=1 -DHAVE_STRING_H=1 -DHAVE_MEMORY_H=1 -DHAVE_STRINGS_H=1 -DHAVE_INTTYPES_H=1 -DHAVE_STDINT_H=1 -DHAVE_UNISTD_H=1 -DHAVE_BITSTRING_H=1 -DHAVE_CURSES_H=1 -DHAVE_DIRENT_H=1 -DHAVE_FCNTL_H=1 -DHAVE_INTTYPES_H=1 -DHAVE_NCURSES_H=1 -DHAVE_PATHS_H=1 -DHAVE_STDINT_H=1 -DHAVE_SYS_DIR_H=1 -DHAVE_TERM_H=1 -DHAVE_UTIL_H=1 -DHAVE_B64_NTOP=1 -DHAVE_FORKPTY=1 -DHAVE_DAEMON=1 -DHAVE_SETENV=1 -DHAVE_STRLCPY=1 -DHAVE_STRLCAT=1 -DHAVE_ASPRINTF=1 -DHAVE_FGETLN=1 -DHAVE_STRCASESTR=1 -DHAVE_STRSEP=1 -DHAVE_DECL_OPTARG=1 -DHAVE_DECL_OPTIND=1 -DHAVE_DECL_OPTRESET=1 -DHAVE_GETOPT=1 -DHAVE_BZERO=1 -DHAVE_SYSCONF=1 -DHAVE_BSD_TYPES=1 -DHAVE___PROGNAME=1 -DBROKEN_CMSG_FIRSTHDR=1'
DEPDIR='.deps'
ECHO_C='\c'
ECHO_N=''
ECHO_T=''
EGREP='/usr/bin/grep -E'
EXEEXT=''
GREP='/usr/bin/grep'
INSTALL_DATA='${INSTALL} -m 644'
INSTALL_PROGRAM='${INSTALL}'
INSTALL_SCRIPT='${INSTALL}'
INSTALL_STRIP_PROGRAM='$(install_sh) -c -s'
IS_AIX_FALSE=''
IS_AIX_TRUE='#'
IS_DARWIN_FALSE='#'
IS_DARWIN_TRUE=''
IS_DEBUG_FALSE=''
IS_DEBUG_TRUE='#'
IS_DRAGONFLY_FALSE=''
IS_DRAGONFLY_TRUE='#'
IS_FREEBSD_FALSE=''
IS_FREEBSD_TRUE='#'
IS_GCC4_FALSE='#'
IS_GCC4_TRUE=''
IS_GCC_FALSE='#'
IS_GCC_TRUE=''
IS_GLIBC_FALSE=''
IS_GLIBC_TRUE='#'
IS_HPUX_FALSE=''
IS_HPUX_TRUE='#'
IS_LINUX_FALSE=''
IS_LINUX_TRUE='#'
IS_NETBSD_FALSE=''
IS_NETBSD_TRUE='#'
IS_OPENBSD_FALSE=''
IS_OPENBSD_TRUE='#'
IS_SUNCC_FALSE=''
IS_SUNCC_TRUE='#'
IS_SUNOS_FALSE=''
IS_SUNOS_TRUE='#'
IS_UNKNOWN_FALSE=''
IS_UNKNOWN_TRUE='#'
LDFLAGS=''
LIBEVENT_CFLAGS='-I/usr/local/Cellar/libevent/2.0.16/include  '
LIBEVENT_LIBS='-L/usr/local/Cellar/libevent/2.0.16/lib -levent  '
LIBOBJS=''
LIBS='-lcurses -L/usr/local/Cellar/libevent/2.0.16/lib -levent    -lresolv'
LTLIBOBJS=''
MAKEINFO='${SHELL} /share/dev/ide/tmux/etc/missing --run makeinfo'
MKDIR_P='etc/install-sh -c -d'
NO_ASPRINTF_FALSE=''
NO_ASPRINTF_TRUE='#'
NO_B64_NTOP_FALSE=''
NO_B64_NTOP_TRUE='#'
NO_CLOSEFROM_FALSE='#'
NO_CLOSEFROM_TRUE=''
NO_DAEMON_FALSE=''
NO_DAEMON_TRUE='#'
NO_FGETLN_FALSE=''
NO_FGETLN_TRUE='#'
NO_FORKPTY_FALSE=''
NO_FORKPTY_TRUE='#'
NO_GETOPT_FALSE=''
NO_GETOPT_TRUE='#'
NO_IMSG_FALSE='#'
NO_IMSG_TRUE=''
NO_SETENV_FALSE=''
NO_SETENV_TRUE='#'
NO_STRCASESTR_FALSE=''
NO_STRCASESTR_TRUE='#'
NO_STRLCAT_FALSE=''
NO_STRLCAT_TRUE='#'
NO_STRLCPY_FALSE=''
NO_STRLCPY_TRUE='#'
NO_STRSEP_FALSE=''
NO_STRSEP_TRUE='#'
NO_STRTONUM_FALSE='#'
NO_STRTONUM_TRUE=''
NO_VIS_FALSE='#'
NO_VIS_TRUE=''
OBJEXT='o'
PACKAGE='tmux'
PACKAGE_BUGREPORT=''
PACKAGE_NAME='tmux'
PACKAGE_STRING='tmux 1.6'
PACKAGE_TARNAME='tmux'
PACKAGE_URL=''
PACKAGE_VERSION='1.6'
PATH_SEPARATOR=':'
PKG_CONFIG='/usr/local/bin/pkg-config'
PLATFORM='darwin'
SET_MAKE=''
SHELL='/bin/sh'
STRIP=''
VERSION='1.6'
XOPEN_DEFINES=''
ac_ct_CC='gcc'
am__fastdepCC_FALSE='#'
am__fastdepCC_TRUE=''
am__include='include'
am__isrc=''
am__leading_dot='.'
am__quote=''
am__tar='${AMTAR} chof - "$$tardir"'
am__untar='${AMTAR} xf -'
bindir='${exec_prefix}/bin'
build='x86_64-apple-darwin11.4.0'
build_alias=''
build_cpu='x86_64'
build_os='darwin11.4.0'
build_vendor='apple'
datadir='${datarootdir}'
datarootdir='${prefix}/share'
docdir='${datarootdir}/doc/${PACKAGE_TARNAME}'
dvidir='${docdir}'
exec_prefix='${prefix}'
host='x86_64-apple-darwin11.4.0'
host_alias=''
host_cpu='x86_64'
host_os='darwin11.4.0'
host_vendor='apple'
htmldir='${docdir}'
includedir='${prefix}/include'
infodir='${datarootdir}/info'
install_sh='$(SHELL) /share/dev/ide/tmux/etc/install-sh'
libdir='${exec_prefix}/lib'
libexecdir='${exec_prefix}/libexec'
localedir='${datarootdir}/locale'
localstatedir='${prefix}/var'
mandir='${datarootdir}/man'
mkdir_p='$(top_builddir)/etc/install-sh -c -d'
oldincludedir='/usr/include'
pdfdir='${docdir}'
prefix='/opt'
program_transform_name='s,x,x,'
psdir='${docdir}'
sbindir='${exec_prefix}/sbin'
sharedstatedir='${prefix}/com'
sysconfdir='${prefix}/etc'
target_alias=''

## ----------- ##
## confdefs.h. ##
## ----------- ##

/* confdefs.h */
#define PACKAGE_NAME "tmux"
#define PACKAGE_TARNAME "tmux"
#define PACKAGE_VERSION "1.6"
#define PACKAGE_STRING "tmux 1.6"
#define PACKAGE_BUGREPORT ""
#define PACKAGE_URL ""
#define PACKAGE "tmux"
#define VERSION "1.6"
#define STDC_HEADERS 1
#define HAVE_SYS_TYPES_H 1
#define HAVE_SYS_STAT_H 1
#define HAVE_STDLIB_H 1
#define HAVE_STRING_H 1
#define HAVE_MEMORY_H 1
#define HAVE_STRINGS_H 1
#define HAVE_INTTYPES_H 1
#define HAVE_STDINT_H 1
#define HAVE_UNISTD_H 1
#define HAVE_BITSTRING_H 1
#define HAVE_CURSES_H 1
#define HAVE_DIRENT_H 1
#define HAVE_FCNTL_H 1
#define HAVE_INTTYPES_H 1
#define HAVE_NCURSES_H 1
#define HAVE_PATHS_H 1
#define HAVE_STDINT_H 1
#define HAVE_SYS_DIR_H 1
#define HAVE_TERM_H 1
#define HAVE_UTIL_H 1
#define HAVE_B64_NTOP 1
#define HAVE_FORKPTY 1
#define HAVE_DAEMON 1
#define HAVE_SETENV 1
#define HAVE_STRLCPY 1
#define HAVE_STRLCAT 1
#define HAVE_ASPRINTF 1
#define HAVE_FGETLN 1
#define HAVE_STRCASESTR 1
#define HAVE_STRSEP 1
#define HAVE_DECL_OPTARG 1
#define HAVE_DECL_OPTIND 1
#define HAVE_DECL_OPTRESET 1
#define HAVE_GETOPT 1
#define HAVE_BZERO 1
#define HAVE_SYSCONF 1
#define HAVE_BSD_TYPES 1
#define HAVE___PROGNAME 1
#define BROKEN_CMSG_FIRSTHDR 1

configure: exit 0

## ---------------------- ##
## Running config.status. ##
## ---------------------- ##

This file was extended by tmux config.status 1.6, which was
generated by GNU Autoconf 2.65.  Invocation command line was

  CONFIG_FILES    = 
  CONFIG_HEADERS  = 
  CONFIG_LINKS    = 
  CONFIG_COMMANDS = 
  $ ./config.status 

on eddie.local

config.status:849: creating Makefile
config.status:1012: executing depfiles commands
